Using pre-set license
Built from '6000.0/release' branch; Version is '6000.0.0b11 (a707ca4efec4) revision 10946506'; Using compiler version '193431935'; Build Type 'Release'
OS: 'Windows 11  (10.0.22631) 64bit Professional' Language: 'ko' Physical Memory: 16227 MB
BatchMode: 1, IsHumanControllingUs: 0, StartBugReporterOnCrash: 0, Is64bit: 1, IsPro: 1

COMMAND LINE ARGUMENTS:
D:\Unity\6000.0.0b11\Editor\Unity.exe
-adb2
-batchMode
-noUpm
-name
AssetImportWorker2
-projectPath
D:/Github/Unity/Dice Up
-logFile
Logs/AssetImportWorker2.log
-srvPort
14747
-job-worker-count
5
-background-job-worker-count
8
-asset-garbage-collectors
1
Successfully changed project path to: D:/Github/Unity/Dice Up
D:/Github/Unity/Dice Up
[UnityMemory] Configuration Parameters - Can be set up in boot.config
    "memorysetup-bucket-allocator-granularity=16"
    "memorysetup-bucket-allocator-bucket-count=8"
    "memorysetup-bucket-allocator-block-size=33554432"
    "memorysetup-bucket-allocator-block-count=8"
    "memorysetup-main-allocator-block-size=16777216"
    "memorysetup-thread-allocator-block-size=16777216"
    "memorysetup-gfx-main-allocator-block-size=16777216"
    "memorysetup-gfx-thread-allocator-block-size=16777216"
    "memorysetup-cache-allocator-block-size=4194304"
    "memorysetup-typetree-allocator-block-size=2097152"
    "memorysetup-profiler-bucket-allocator-granularity=16"
    "memorysetup-profiler-bucket-allocator-bucket-count=8"
    "memorysetup-profiler-bucket-allocator-block-size=33554432"
    "memorysetup-profiler-bucket-allocator-block-count=8"
    "memorysetup-profiler-allocator-block-size=16777216"
    "memorysetup-profiler-editor-allocator-block-size=1048576"
    "memorysetup-temp-allocator-size-main=16777216"
    "memorysetup-job-temp-allocator-block-size=2097152"
    "memorysetup-job-temp-allocator-block-size-background=1048576"
    "memorysetup-job-temp-allocator-reduction-small-platforms=262144"
    "memorysetup-allocator-temp-initial-block-size-main=262144"
    "memorysetup-allocator-temp-initial-block-size-worker=262144"
    "memorysetup-temp-allocator-size-background-worker=32768"
    "memorysetup-temp-allocator-size-job-worker=262144"
    "memorysetup-temp-allocator-size-preload-manager=33554432"
    "memorysetup-temp-allocator-size-nav-mesh-worker=65536"
    "memorysetup-temp-allocator-size-audio-worker=65536"
    "memorysetup-temp-allocator-size-cloud-worker=32768"
    "memorysetup-temp-allocator-size-gi-baking-worker=262144"
    "memorysetup-temp-allocator-size-gi-baking-worker=262144"
    "memorysetup-temp-allocator-size-gi-baking-worker=262144"
    "memorysetup-temp-allocator-size-gi-baking-worker=262144"
    "memorysetup-temp-allocator-size-gi-baking-worker=262144"
    "memorysetup-temp-allocator-size-gfx=262144"
Player connection [16756]  Target information:

Player connection [16756]  * "[IP] 192.168.75.100 [Port] 0 [Flags] 2 [Guid] 2404252461 [EditorId] 2404252461 [Version] 1048832 [Id] WindowsEditor(7,NYJ) [Debug] 1 [PackageName] WindowsEditor [ProjectName] Editor" 

Player connection [16756] Host joined multi-casting on [225.0.0.222:54997]...
Player connection [16756] Host joined alternative multi-casting on [225.0.0.222:34997]...
JobSystem: Creating JobQueue using job-worker-count value 5
Library Redirect Path: Library/
[PhysX] Initialized MultithreadedTaskDispatcher with 5 workers.
Refreshing native plugins compatible for Editor in 3.65 ms, found 4 plugins.
Preloading 0 native plugins for Editor in 0.00 ms.
Initialize engine version: 6000.0.0b11 (a707ca4efec4)
[Subsystems] Discovering subsystems at path D:/Unity/6000.0.0b11/Editor/Data/Resources/UnitySubsystems
[Subsystems] Discovering subsystems at path D:/Github/Unity/Dice Up/Assets
GfxDevice: creating device client; kGfxThreadingModeNonThreaded
Direct3D:
    Version:  Direct3D 11.0 [level 11.1]
    Renderer: NVIDIA GeForce GTX 1050 Ti (ID=0x1c8c)
    Vendor:   NVIDIA
    VRAM:     4007 MB
    Driver:   31.0.15.5244
Initialize mono
Mono path[0] = 'D:/Unity/6000.0.0b11/Editor/Data/Managed'
Mono path[1] = 'D:/Unity/6000.0.0b11/Editor/Data/MonoBleedingEdge/lib/mono/unityjit-win32'
Mono config path = 'D:/Unity/6000.0.0b11/Editor/Data/MonoBleedingEdge/etc'
Using monoOptions --debugger-agent=transport=dt_socket,embedding=1,server=y,suspend=n,address=127.0.0.1:56476
Begin MonoManager ReloadAssembly
C:\build\output\Unity-Technologies\mono\mono\metadata\icall.c:1842:
C:\build\output\Unity-Technologies\mono\mono\metadata\icall.c:1842:
C:\build\output\Unity-Technologies\mono\mono\metadata\icall.c:1842:
C:\build\output\Unity-Technologies\mono\mono\metadata\icall.c:1842:
C:\build\output\Unity-Technologies\mono\mono\metadata\icall.c:1842:
C:\build\output\Unity-Technologies\mono\mono\metadata\icall.c:1842:
C:\build\output\Unity-Technologies\mono\mono\metadata\icall.c:1842:
C:\build\output\Unity-Technologies\mono\mono\metadata\icall.c:1842:
C:\build\output\Unity-Technologies\mono\mono\metadata\icall.c:1842:
C:\build\output\Unity-Technologies\mono\mono\metadata\icall.c:1842:
Registering precompiled unity dll's ...
Register platform support module: D:/Unity/6000.0.0b11/Editor/Data/PlaybackEngines/WebGLSupport/UnityEditor.WebGL.Extensions.dll
Register platform support module: D:/Unity/6000.0.0b11/Editor/Data/PlaybackEngines/WindowsStandaloneSupport/UnityEditor.WindowsStandalone.Extensions.dll
Register platform support module: D:/Unity/6000.0.0b11/Editor/Data/PlaybackEngines/AndroidPlayer/UnityEditor.Android.Extensions.dll
Registered in 0.007415 seconds.
- Loaded All Assemblies, in  0.645 seconds
Native extension for Android target not found
Android Extension - Scanning For ADB Devices 448 ms
Native extension for WindowsStandalone target not found
Native extension for WebGL target not found
Mono: successfully reloaded assembly
C:\build\output\Unity-Technologies\mono\mono\metadata\icall.c:1842:
C:\build\output\Unity-Technologies\mono\mono\metadata\icall.c:1842:
- Finished resetting the current domain, in  0.955 seconds
Domain Reload Profiling: 1598ms
	BeginReloadAssembly (228ms)
		ExecutionOrderSort (0ms)
		DisableScriptedObjects (0ms)
		BackupInstance (0ms)
		ReleaseScriptingObjects (0ms)
		CreateAndSetChildDomain (1ms)
	RebuildCommonClasses (61ms)
	RebuildNativeTypeToScriptingClass (18ms)
	initialDomainReloadingComplete (71ms)
	LoadAllAssembliesAndSetupDomain (265ms)
		LoadAssemblies (231ms)
		RebuildTransferFunctionScriptingTraits (0ms)
		AnalyzeDomain (256ms)
			TypeCache.Refresh (254ms)
				TypeCache.ScanAssembly (232ms)
			BuildScriptInfoCaches (0ms)
			ResolveRequiredComponents (1ms)
	FinalizeReload (955ms)
		ReleaseScriptCaches (0ms)
		RebuildScriptCaches (0ms)
		SetupLoadedEditorAssemblies (890ms)
			LogAssemblyErrors (0ms)
			InitializePlatformSupportModulesInManaged (596ms)
			SetLoadedEditorAssemblies (6ms)
			BeforeProcessingInitializeOnLoad (13ms)
			ProcessInitializeOnLoadAttributes (177ms)
			ProcessInitializeOnLoadMethodAttributes (96ms)
			AfterProcessingInitializeOnLoad (0ms)
			EditorAssembliesLoaded (0ms)
		ExecutionOrderSort2 (0ms)
		AwakeInstancesAfterBackupRestoration (0ms)
========================================================================
Worker process is ready to serve import requests
Import Worker Mode flag is 0x00
Begin MonoManager ReloadAssembly
C:\build\output\Unity-Technologies\mono\mono\metadata\icall.c:1842:
C:\build\output\Unity-Technologies\mono\mono\metadata\icall.c:1842:
C:\build\output\Unity-Technologies\mono\mono\metadata\icall.c:1842:
C:\build\output\Unity-Technologies\mono\mono\metadata\icall.c:1842:
C:\build\output\Unity-Technologies\mono\mono\metadata\icall.c:1842:
C:\build\output\Unity-Technologies\mono\mono\metadata\icall.c:1842:
C:\build\output\Unity-Technologies\mono\mono\metadata\icall.c:1842:
C:\build\output\Unity-Technologies\mono\mono\metadata\icall.c:1842:
C:\build\output\Unity-Technologies\mono\mono\metadata\icall.c:1842:
C:\build\output\Unity-Technologies\mono\mono\metadata\icall.c:1842:
C:\build\output\Unity-Technologies\mono\mono\metadata\icall.c:1842:
C:\build\output\Unity-Technologies\mono\mono\metadata\icall.c:1842:
- Loaded All Assemblies, in  1.336 seconds
Refreshing native plugins compatible for Editor in 3.12 ms, found 4 plugins.
Native extension for Android target not found
Native extension for WindowsStandalone target not found
Native extension for WebGL target not found
Mono: successfully reloaded assembly
- Finished resetting the current domain, in  1.144 seconds
Domain Reload Profiling: 2478ms
	BeginReloadAssembly (447ms)
		ExecutionOrderSort (0ms)
		DisableScriptedObjects (7ms)
		BackupInstance (0ms)
		ReleaseScriptingObjects (0ms)
		CreateAndSetChildDomain (33ms)
	RebuildCommonClasses (47ms)
	RebuildNativeTypeToScriptingClass (15ms)
	initialDomainReloadingComplete (48ms)
	LoadAllAssembliesAndSetupDomain (776ms)
		LoadAssemblies (569ms)
		RebuildTransferFunctionScriptingTraits (0ms)
		AnalyzeDomain (379ms)
			TypeCache.Refresh (294ms)
				TypeCache.ScanAssembly (257ms)
			BuildScriptInfoCaches (71ms)
			ResolveRequiredComponents (10ms)
	FinalizeReload (1145ms)
		ReleaseScriptCaches (0ms)
		RebuildScriptCaches (0ms)
		SetupLoadedEditorAssemblies (840ms)
			LogAssemblyErrors (0ms)
			InitializePlatformSupportModulesInManaged (34ms)
			SetLoadedEditorAssemblies (9ms)
			BeforeProcessingInitializeOnLoad (66ms)
			ProcessInitializeOnLoadAttributes (659ms)
			ProcessInitializeOnLoadMethodAttributes (69ms)
			AfterProcessingInitializeOnLoad (4ms)
			EditorAssembliesLoaded (0ms)
		ExecutionOrderSort2 (0ms)
		AwakeInstancesAfterBackupRestoration (15ms)
Launched and connected shader compiler UnityShaderCompiler.exe after 0.09 seconds
Refreshing native plugins compatible for Editor in 3.62 ms, found 4 plugins.
Preloading 0 native plugins for Editor in 0.00 ms.
Unloading 28 Unused Serialized files (Serialized files now loaded: 0)
Unloading 4320 unused Assets / (2.1 MB). Loaded Objects now: 4931.
Memory consumption went from 136.0 MB to 133.9 MB.
Total: 8.466100 ms (FindLiveObjects: 0.496200 ms CreateObjectMapping: 0.583600 ms MarkObjects: 5.281900 ms  DeleteObjects: 2.103300 ms)

========================================================================
Received Import Request.
  Time since last request: 24706.585791 seconds.
  path: Assets/Sprites/Chess/Rook.png
  artifactKey: Guid(c0219389d24539b4b9621e86e6abe0d9) Importer(815301076,1909f56bfc062723c751e8b465ee728b)
Start importing Assets/Sprites/Chess/Rook.png using Guid(c0219389d24539b4b9621e86e6abe0d9) Importer(815301076,1909f56bfc062723c751e8b465ee728b) (PreviewImporter)[PhysX] Initialized MultithreadedTaskDispatcher with 5 workers.
[PhysX] Initialized MultithreadedTaskDispatcher with 5 workers.
 -> (artifact id: '6ae64f2f8ba1197b3d329cff4b16034c') in 0.1025301 seconds
Number of updated asset objects reloaded before import = 0Number of asset objects unloaded after import = 3

========================================================================
Received Import Request.
  Time since last request: 3.435838 seconds.
  path: Assets/Sprites/Chess/Bishop.png
  artifactKey: Guid(31ec07b4359b8454badf5cd488185476) Importer(815301076,1909f56bfc062723c751e8b465ee728b)
Start importing Assets/Sprites/Chess/Bishop.png using Guid(31ec07b4359b8454badf5cd488185476) Importer(815301076,1909f56bfc062723c751e8b465ee728b) (PreviewImporter)[PhysX] Initialized MultithreadedTaskDispatcher with 5 workers.
[PhysX] Initialized MultithreadedTaskDispatcher with 5 workers.
 -> (artifact id: '7645c1b76bd5dcebaab67a3cc24b77c3') in 0.0112755 seconds
Number of updated asset objects reloaded before import = 0Number of asset objects unloaded after import = 3

========================================================================
Received Import Request.
  Time since last request: 0.012023 seconds.
  path: Assets/Sprites/Chess/king.png
  artifactKey: Guid(e305794ca2b90d5498e3424cc071df0f) Importer(815301076,1909f56bfc062723c751e8b465ee728b)
Start importing Assets/Sprites/Chess/king.png using Guid(e305794ca2b90d5498e3424cc071df0f) Importer(815301076,1909f56bfc062723c751e8b465ee728b) (PreviewImporter)[PhysX] Initialized MultithreadedTaskDispatcher with 5 workers.
[PhysX] Initialized MultithreadedTaskDispatcher with 5 workers.
 -> (artifact id: '9bb2c09a573b4c5e17ca6f3a8719b9a3') in 0.0127389 seconds
Number of updated asset objects reloaded before import = 0Number of asset objects unloaded after import = 3

========================================================================
Received Import Request.
  Time since last request: 0.000167 seconds.
  path: Assets/Sprites/Chess/Queen.png
  artifactKey: Guid(c46b0cca45018284ca0a95a151e4718d) Importer(815301076,1909f56bfc062723c751e8b465ee728b)
Start importing Assets/Sprites/Chess/Queen.png using Guid(c46b0cca45018284ca0a95a151e4718d) Importer(815301076,1909f56bfc062723c751e8b465ee728b) (PreviewImporter)[PhysX] Initialized MultithreadedTaskDispatcher with 5 workers.
[PhysX] Initialized MultithreadedTaskDispatcher with 5 workers.
 -> (artifact id: 'a4793a784ff21475da7383a30af765fd') in 0.0139674 seconds
Number of updated asset objects reloaded before import = 0Number of asset objects unloaded after import = 3

========================================================================
Received Import Request.
  Time since last request: 134.448867 seconds.
  path: Assets/Prefabs/Chess/Bishop.prefab
  artifactKey: Guid(fce353cc9d4dc8949aa6efa334c9162b) Importer(815301076,1909f56bfc062723c751e8b465ee728b)
Start importing Assets/Prefabs/Chess/Bishop.prefab using Guid(fce353cc9d4dc8949aa6efa334c9162b) Importer(815301076,1909f56bfc062723c751e8b465ee728b) (PreviewImporter)[PhysX] Initialized MultithreadedTaskDispatcher with 5 workers.
[PhysX] Initialized MultithreadedTaskDispatcher with 5 workers.
 -> (artifact id: '8a1804388ae70b1ede2efe00bedf1a00') in 0.0649618 seconds
Number of updated asset objects reloaded before import = 0Number of asset objects unloaded after import = 9

========================================================================
Received Import Request.
  Time since last request: 0.464651 seconds.
  path: Assets/Prefabs/Chess/King.prefab
  artifactKey: Guid(a410ba549ddd70c49bd7563e2439a903) Importer(815301076,1909f56bfc062723c751e8b465ee728b)
Start importing Assets/Prefabs/Chess/King.prefab using Guid(a410ba549ddd70c49bd7563e2439a903) Importer(815301076,1909f56bfc062723c751e8b465ee728b) (PreviewImporter)[PhysX] Initialized MultithreadedTaskDispatcher with 5 workers.
[PhysX] Initialized MultithreadedTaskDispatcher with 5 workers.
 -> (artifact id: '68ff9229afb01e1e1a317189cd96f84d') in 0.0090685 seconds
Number of updated asset objects reloaded before import = 0Number of asset objects unloaded after import = 9

========================================================================
Received Import Request.
  Time since last request: 0.417160 seconds.
  path: Assets/Prefabs/Chess/Knight.prefab
  artifactKey: Guid(ace5f35381db14b4b9e7b2036f2d1ecf) Importer(815301076,1909f56bfc062723c751e8b465ee728b)
Start importing Assets/Prefabs/Chess/Knight.prefab using Guid(ace5f35381db14b4b9e7b2036f2d1ecf) Importer(815301076,1909f56bfc062723c751e8b465ee728b) (PreviewImporter)[PhysX] Initialized MultithreadedTaskDispatcher with 5 workers.
[PhysX] Initialized MultithreadedTaskDispatcher with 5 workers.
 -> (artifact id: '8b992da7fd47bf9f02a2bfe57da9ec1d') in 0.0104999 seconds
Number of updated asset objects reloaded before import = 0Number of asset objects unloaded after import = 9

========================================================================
Received Import Request.
  Time since last request: 0.470389 seconds.
  path: Assets/Prefabs/Chess/Pawn.prefab
  artifactKey: Guid(b98d4afbd6b4eea4cb7238979053ffbc) Importer(815301076,1909f56bfc062723c751e8b465ee728b)
Start importing Assets/Prefabs/Chess/Pawn.prefab using Guid(b98d4afbd6b4eea4cb7238979053ffbc) Importer(815301076,1909f56bfc062723c751e8b465ee728b) (PreviewImporter)[PhysX] Initialized MultithreadedTaskDispatcher with 5 workers.
[PhysX] Initialized MultithreadedTaskDispatcher with 5 workers.
 -> (artifact id: '01493814ff65fc2c6eacd0d225e20a4b') in 0.0092823 seconds
Number of updated asset objects reloaded before import = 0Number of asset objects unloaded after import = 9

========================================================================
Received Import Request.
  Time since last request: 0.479547 seconds.
  path: Assets/Prefabs/Chess/Queen.prefab
  artifactKey: Guid(27f9d50e053df984bbb5ae2259129d5f) Importer(815301076,1909f56bfc062723c751e8b465ee728b)
Start importing Assets/Prefabs/Chess/Queen.prefab using Guid(27f9d50e053df984bbb5ae2259129d5f) Importer(815301076,1909f56bfc062723c751e8b465ee728b) (PreviewImporter)[PhysX] Initialized MultithreadedTaskDispatcher with 5 workers.
[PhysX] Initialized MultithreadedTaskDispatcher with 5 workers.
 -> (artifact id: '5eff2fffa0d9ef16ce8e0f50b9bd279a') in 0.0093706 seconds
Number of updated asset objects reloaded before import = 0Number of asset objects unloaded after import = 9

========================================================================
Received Import Request.
  Time since last request: 0.484483 seconds.
  path: Assets/Prefabs/Chess/Rook.prefab
  artifactKey: Guid(9a0dc1808bcecc74798b9ca430680c76) Importer(815301076,1909f56bfc062723c751e8b465ee728b)
Start importing Assets/Prefabs/Chess/Rook.prefab using Guid(9a0dc1808bcecc74798b9ca430680c76) Importer(815301076,1909f56bfc062723c751e8b465ee728b) (PreviewImporter)[PhysX] Initialized MultithreadedTaskDispatcher with 5 workers.
[PhysX] Initialized MultithreadedTaskDispatcher with 5 workers.
 -> (artifact id: '5c5f2bb32c2d69973fb4fdd380682557') in 0.0095339 seconds
Number of updated asset objects reloaded before import = 0Number of asset objects unloaded after import = 9

========================================================================
Received Import Request.
  Time since last request: 31.912425 seconds.
  path: Assets/Prefabs/Chess/Chess.prefab
  artifactKey: Guid(3445e9e39f6cae24a8c9facb983cdafa) Importer(815301076,1909f56bfc062723c751e8b465ee728b)
Start importing Assets/Prefabs/Chess/Chess.prefab using Guid(3445e9e39f6cae24a8c9facb983cdafa) Importer(815301076,1909f56bfc062723c751e8b465ee728b) (PreviewImporter)[PhysX] Initialized MultithreadedTaskDispatcher with 5 workers.
 -> (artifact id: 'a15f799222582c880e769e6c96c70d41') in 0.0064868 seconds
Number of updated asset objects reloaded before import = 0Number of asset objects unloaded after import = 53

========================================================================
Received Import Request.
  Time since last request: 6.469354 seconds.
  path: Assets/Prefabs/Chess/Bishop.prefab
  artifactKey: Guid(fce353cc9d4dc8949aa6efa334c9162b) Importer(815301076,1909f56bfc062723c751e8b465ee728b)
Start importing Assets/Prefabs/Chess/Bishop.prefab using Guid(fce353cc9d4dc8949aa6efa334c9162b) Importer(815301076,1909f56bfc062723c751e8b465ee728b) (PreviewImporter)[PhysX] Initialized MultithreadedTaskDispatcher with 5 workers.
[PhysX] Initialized MultithreadedTaskDispatcher with 5 workers.
 -> (artifact id: '8318c613299a38f39414811183335aa4') in 0.0085061 seconds
Number of updated asset objects reloaded before import = 0Number of asset objects unloaded after import = 9

========================================================================
Received Import Request.
  Time since last request: 0.007424 seconds.
  path: Assets/Prefabs/Chess/Knight.prefab
  artifactKey: Guid(ace5f35381db14b4b9e7b2036f2d1ecf) Importer(815301076,1909f56bfc062723c751e8b465ee728b)
Start importing Assets/Prefabs/Chess/Knight.prefab using Guid(ace5f35381db14b4b9e7b2036f2d1ecf) Importer(815301076,1909f56bfc062723c751e8b465ee728b) (PreviewImporter)[PhysX] Initialized MultithreadedTaskDispatcher with 5 workers.
[PhysX] Initialized MultithreadedTaskDispatcher with 5 workers.
 -> (artifact id: '7bfe229a557a13171bf22b124aaf4f45') in 0.0143761 seconds
Number of updated asset objects reloaded before import = 0Number of asset objects unloaded after import = 9

========================================================================
Received Import Request.
  Time since last request: 0.000032 seconds.
  path: Assets/Prefabs/Chess/Rook.prefab
  artifactKey: Guid(9a0dc1808bcecc74798b9ca430680c76) Importer(815301076,1909f56bfc062723c751e8b465ee728b)
Start importing Assets/Prefabs/Chess/Rook.prefab using Guid(9a0dc1808bcecc74798b9ca430680c76) Importer(815301076,1909f56bfc062723c751e8b465ee728b) (PreviewImporter)[PhysX] Initialized MultithreadedTaskDispatcher with 5 workers.
[PhysX] Initialized MultithreadedTaskDispatcher with 5 workers.
 -> (artifact id: '23c0ccc75daefff60b4bd7a6551cbe63') in 0.0089187 seconds
Number of updated asset objects reloaded before import = 0Number of asset objects unloaded after import = 9

========================================================================
Received Import Request.
  Time since last request: 0.000045 seconds.
  path: Assets/Prefabs/Chess/Pawn.prefab
  artifactKey: Guid(b98d4afbd6b4eea4cb7238979053ffbc) Importer(815301076,1909f56bfc062723c751e8b465ee728b)
Start importing Assets/Prefabs/Chess/Pawn.prefab using Guid(b98d4afbd6b4eea4cb7238979053ffbc) Importer(815301076,1909f56bfc062723c751e8b465ee728b) (PreviewImporter)[PhysX] Initialized MultithreadedTaskDispatcher with 5 workers.
[PhysX] Initialized MultithreadedTaskDispatcher with 5 workers.
 -> (artifact id: 'ad946f188180308d2024bb2e6dd47c6b') in 0.0093316 seconds
Number of updated asset objects reloaded before import = 0Number of asset objects unloaded after import = 9

========================================================================
Received Import Request.
  Time since last request: 0.000021 seconds.
  path: Assets/Prefabs/Chess/Queen.prefab
  artifactKey: Guid(27f9d50e053df984bbb5ae2259129d5f) Importer(815301076,1909f56bfc062723c751e8b465ee728b)
Start importing Assets/Prefabs/Chess/Queen.prefab using Guid(27f9d50e053df984bbb5ae2259129d5f) Importer(815301076,1909f56bfc062723c751e8b465ee728b) (PreviewImporter)[PhysX] Initialized MultithreadedTaskDispatcher with 5 workers.
[PhysX] Initialized MultithreadedTaskDispatcher with 5 workers.
 -> (artifact id: 'c3c6a5d825db43f95c69831cab90fca2') in 0.0109117 seconds
Number of updated asset objects reloaded before import = 0Number of asset objects unloaded after import = 9

========================================================================
Received Import Request.
  Time since last request: 24.506333 seconds.
  path: Assets/Prefabs/Chess/Chess.prefab
  artifactKey: Guid(3445e9e39f6cae24a8c9facb983cdafa) Importer(815301076,1909f56bfc062723c751e8b465ee728b)
Start importing Assets/Prefabs/Chess/Chess.prefab using Guid(3445e9e39f6cae24a8c9facb983cdafa) Importer(815301076,1909f56bfc062723c751e8b465ee728b) (PreviewImporter)[PhysX] Initialized MultithreadedTaskDispatcher with 5 workers.
 -> (artifact id: '6dd32583312bc10caa0bf780e77013a1') in 0.0079611 seconds
Number of updated asset objects reloaded before import = 0Number of asset objects unloaded after import = 53

========================================================================
Received Import Request.
  Time since last request: 4.803856 seconds.
  path: Assets/Prefabs/Mahjong.prefab
  artifactKey: Guid(f1ce1b59c874c034b8a7fa05040b8458) Importer(815301076,1909f56bfc062723c751e8b465ee728b)
Start importing Assets/Prefabs/Mahjong.prefab using Guid(f1ce1b59c874c034b8a7fa05040b8458) Importer(815301076,1909f56bfc062723c751e8b465ee728b) (PreviewImporter)[PhysX] Initialized MultithreadedTaskDispatcher with 5 workers.
[PhysX] Initialized MultithreadedTaskDispatcher with 5 workers.
 -> (artifact id: 'ff8cf90fac0beae310a98e189279a7bc') in 0.2695744 seconds
Number of updated asset objects reloaded before import = 0Number of asset objects unloaded after import = 61

========================================================================
Received Import Request.
  Time since last request: 7.960144 seconds.
  path: Assets/Prefabs/Janggi/Janggi.prefab
  artifactKey: Guid(43e49e28b57750e48b134f21e83fc103) Importer(815301076,1909f56bfc062723c751e8b465ee728b)
Start importing Assets/Prefabs/Janggi/Janggi.prefab using Guid(43e49e28b57750e48b134f21e83fc103) Importer(815301076,1909f56bfc062723c751e8b465ee728b) (PreviewImporter)[PhysX] Initialized MultithreadedTaskDispatcher with 5 workers.
 -> (artifact id: '9b6831e078d004d4454689cf860cb5ff') in 0.0107814 seconds
Number of updated asset objects reloaded before import = 0Number of asset objects unloaded after import = 40

